<?xml version="1.0" encoding="UTF-8"?>
<!-- Generated by org.testng.reporters.JUnitReportReporter -->
<testsuite hostname="LAPTOP-VE95T8Q4" failures="0" tests="5" name="com.TestAdactIn.TestNgRunner" time="26.848" errors="0" timestamp="2022-02-12T19:11:10 IST" skipped="0">
  <testcase classname="com.TestAdactIn.TestNgRunner" name="sign" time="2.367"/>
  <system-out/>
  <testcase classname="com.TestAdactIn.TestNgRunner" name="logIn" time="2.170"/>
  <system-out/>
  <testcase classname="com.TestAdactIn.TestNgRunner" name="womens" time="4.726"/>
  <system-out/>
  <testcase classname="com.TestAdactIn.TestNgRunner" name="quickview" time="0.235"/>
  <system-out/>
  <testcase classname="com.TestAdactIn.TestNgRunner" name="AddToCart" time="17.350"/>
  <system-out/>
</testsuite> <!-- com.TestAdactIn.TestNgRunner -->
