<?xml version="1.0" encoding="UTF-8"?>
<!-- Generated by org.testng.reporters.JUnitReportReporter -->
<testsuite hostname="LAPTOP-VE95T8Q4" failures="0" tests="2" name="com.TestNg.Annotations" time="0.014" errors="0" timestamp="2022-02-06T19:38:54 IST" skipped="0">
  <testcase classname="com.TestNg.Annotations" name="Testcase2" time="0.007"/>
  <system-out/>
  <testcase classname="com.TestNg.Annotations" name="Testcase1" time="0.007"/>
  <system-out/>
</testsuite> <!-- com.TestNg.Annotations -->
