<?xml version="1.0" encoding="UTF-8"?>
<!-- Generated by org.testng.reporters.JUnitReportReporter -->
<testsuite hostname="LAPTOP-VE95T8Q4" failures="0" tests="2" name="com.TestNg.Test" time="0.263" errors="0" timestamp="2022-02-06T20:11:19 IST" skipped="0">
  <testcase classname="com.TestNg.Test" name="Log_In_Username" time="0.168"/>
  <system-out/>
  <testcase classname="com.TestNg.Test" name="Log_In_Password" time="0.095"/>
  <system-out/>
</testsuite> <!-- com.TestNg.Test -->
