<?xml version="1.0" encoding="UTF-8"?>
<!-- Generated by org.testng.reporters.JUnitReportReporter -->
<testsuite hostname="LAPTOP-VE95T8Q4" failures="0" tests="1" name="com.TestNg.SampleTest" time="0.012" errors="0" timestamp="2022-02-06T00:06:04 IST" skipped="0">
  <testcase classname="com.TestNg.SampleTest" name="testcase1" time="0.012"/>
  <system-out/>
</testsuite> <!-- com.TestNg.SampleTest -->
